<?xml version="1.0" encoding="UTF-8"?>
<!-- Generated by org.testng.reporters.JUnitXMLReporter -->
<testsuite hostname="sraksha-z01" ignored="0" name="smoketest" tests="1" failures="1" timestamp="19 Aug 2019 06:35:52 GMT" time="226.826" errors="0">
  <testcase name="successfulLoginTest" time="220.514" classname="com.vmware.peoplesearch.test.TestCases">
    <failure type="org.openqa.selenium.NoSuchElementException" message="Can&amp;apos;t locate an element by this strategy: By.chained({By.id: Next})">
      <![CDATA[org.openqa.selenium.NoSuchElementException: Can't locate an element by this strategy: By.chained({By.id: Next})at io.appium.java_client.pagefactory.AppiumElementLocator.findElement(AppiumElementLocator.java:126)at io.appium.java_client.pagefactory.interceptors.InterceptorOfASingleElement.intercept(InterceptorOfASingleElement.java:59)at io.appium.java_client.android.AndroidElement$$EnhancerByCGLIB$$b598166c.click(<generated>)at com.vmware.peoplesearchui.pageobjects.LoginPage.doLogin(LoginPage.java:62)at com.vmware.peoplesearchui.screens.Login.verifyLogin(Login.java:41)at com.vmware.peoplesearch.test.TestCases.successfulLoginTest(TestCases.java:72)Caused by: org.openqa.selenium.TimeoutException: Expected condition failed: waiting for io.appium.java_client.pagefactory.AppiumElementLocator$WaitingFunction@97a145b (tried for 1 second(s) with 500 milliseconds interval)at org.openqa.selenium.support.ui.FluentWait.timeoutException(FluentWait.java:304)at org.openqa.selenium.support.ui.FluentWait.until(FluentWait.java:272)at io.appium.java_client.pagefactory.AppiumElementLocator.waitFor(AppiumElementLocator.java:99)at io.appium.java_client.pagefactory.AppiumElementLocator.findElement(AppiumElementLocator.java:119)... 30 moreCaused by: org.openqa.selenium.NoSuchElementException: Cannot locate an element using By.chained({By.id: Next})For documentation on this error, please visit: https://www.seleniumhq.org/exceptions/no_such_element.htmlBuild info: version: '3.141.59', revision: 'e82be7d358', time: '2018-11-14T08:17:03'System info: host: 'sraksha-z01', ip: '172.21.14.209', os.name: 'Windows 10', os.arch: 'amd64', os.version: '10.0', java.version: '1.8.0_191'Driver info: driver.version: AppiumDriverat io.appium.java_client.pagefactory.bys.builder.ByChained.findElement(ByChained.java:74)at org.openqa.selenium.remote.RemoteWebDriver.findElement(RemoteWebDriver.java:315)at io.appium.java_client.DefaultGenericMobileDriver.findElement(DefaultGenericMobileDriver.java:58)at io.appium.java_client.AppiumDriver.findElement(AppiumDriver.java:1)at io.appium.java_client.pagefactory.bys.ContentMappedBy.findElement(ContentMappedBy.java:50)at org.openqa.selenium.remote.RemoteWebDriver.findElement(RemoteWebDriver.java:315)at io.appium.java_client.DefaultGenericMobileDriver.findElement(DefaultGenericMobileDriver.java:58)at io.appium.java_client.AppiumDriver.findElement(AppiumDriver.java:1)at io.appium.java_client.pagefactory.AppiumElementLocator.lambda$0(AppiumElementLocator.java:120)at io.appium.java_client.pagefactory.AppiumElementLocator$WaitingFunction.apply(AppiumElementLocator.java:172)at io.appium.java_client.pagefactory.AppiumElementLocator$WaitingFunction.apply(AppiumElementLocator.java:1)at org.openqa.selenium.support.ui.FluentWait.until(FluentWait.java:249)... 32 more... Removed 25 stack frames]]>
    </failure>
  </testcase> <!-- successfulLoginTest -->
</testsuite> <!-- smoketest -->
